[2026-04-10T16:34:53.476+0000] {local_task_job_runner.py:120} INFO - ::group::Pre task execution logs
[2026-04-10T16:34:53.498+0000] {taskinstance.py:2073} INFO - Dependencies all met for dep_context=non-requeueable deps ti=<TaskInstance: retail_daily_ingestion.check_files_exist manual__2026-04-10T16:34:47+00:00 [queued]>
[2026-04-10T16:34:53.506+0000] {taskinstance.py:2073} INFO - Dependencies all met for dep_context=requeueable deps ti=<TaskInstance: retail_daily_ingestion.check_files_exist manual__2026-04-10T16:34:47+00:00 [queued]>
[2026-04-10T16:34:53.507+0000] {taskinstance.py:2303} INFO - Starting attempt 1 of 4
[2026-04-10T16:34:53.519+0000] {taskinstance.py:2327} INFO - Executing <Task(S3KeySensor): check_files_exist> on 2026-04-10 16:34:47+00:00
[2026-04-10T16:34:53.526+0000] {standard_task_runner.py:63} INFO - Started process 9022 to run task
[2026-04-10T16:34:53.530+0000] {standard_task_runner.py:90} INFO - Running: ['***', 'tasks', 'run', 'retail_daily_ingestion', 'check_files_exist', 'manual__2026-04-10T16:34:47+00:00', '--job-id', '123', '--raw', '--subdir', 'DAGS_FOLDER/retail_daily_ingestion.py', '--cfg-path', '/tmp/tmpskxv58jg']
[2026-04-10T16:34:53.533+0000] {standard_task_runner.py:91} INFO - Job 123: Subtask check_files_exist
[2026-04-10T16:34:53.608+0000] {task_command.py:426} INFO - Running <TaskInstance: retail_daily_ingestion.check_files_exist manual__2026-04-10T16:34:47+00:00 [running]> on host 649f4949adfd
[2026-04-10T16:34:53.783+0000] {taskinstance.py:2644} INFO - Exporting env vars: AIRFLOW_CTX_DAG_EMAIL='diluksha@bistcglobal.com' AIRFLOW_CTX_DAG_OWNER='data-engineering' AIRFLOW_CTX_DAG_ID='retail_daily_ingestion' AIRFLOW_CTX_TASK_ID='check_files_exist' AIRFLOW_CTX_EXECUTION_DATE='2026-04-10T16:34:47+00:00' AIRFLOW_CTX_TRY_NUMBER='1' AIRFLOW_CTX_DAG_RUN_ID='manual__2026-04-10T16:34:47+00:00'
[2026-04-10T16:34:53.784+0000] {taskinstance.py:430} INFO - ::endgroup::
[2026-04-10T16:34:53.806+0000] {baseoperator.py:399} WARNING - S3KeySensor.execute cannot be called outside TaskInstance!
[2026-04-10T16:34:53.807+0000] {s3.py:110} INFO - Poking for key : s3://raw-data/retail-data/2026-04-09/sales_transactions.csv
[2026-04-10T16:34:53.825+0000] {base.py:84} INFO - Using connection ID 'minio_s3' for task execution.
[2026-04-10T16:34:53.826+0000] {connection_wrapper.py:384} INFO - AWS Connection (conn_id='minio_s3', conn_type='aws') credentials retrieved from login and password.
[2026-04-10T16:35:24.889+0000] {s3.py:110} INFO - Poking for key : s3://raw-data/retail-data/2026-04-09/sales_transactions.csv
[2026-04-10T16:35:54.911+0000] {s3.py:110} INFO - Poking for key : s3://raw-data/retail-data/2026-04-09/sales_transactions.csv
[2026-04-10T16:36:24.910+0000] {s3.py:110} INFO - Poking for key : s3://raw-data/retail-data/2026-04-09/sales_transactions.csv
[2026-04-10T16:36:54.917+0000] {s3.py:110} INFO - Poking for key : s3://raw-data/retail-data/2026-04-09/sales_transactions.csv
[2026-04-10T16:37:24.923+0000] {s3.py:110} INFO - Poking for key : s3://raw-data/retail-data/2026-04-09/sales_transactions.csv
[2026-04-10T16:37:54.920+0000] {s3.py:110} INFO - Poking for key : s3://raw-data/retail-data/2026-04-09/sales_transactions.csv
[2026-04-10T16:38:24.926+0000] {s3.py:110} INFO - Poking for key : s3://raw-data/retail-data/2026-04-09/sales_transactions.csv
[2026-04-10T16:38:54.930+0000] {s3.py:110} INFO - Poking for key : s3://raw-data/retail-data/2026-04-09/sales_transactions.csv
[2026-04-10T16:39:24.929+0000] {s3.py:110} INFO - Poking for key : s3://raw-data/retail-data/2026-04-09/sales_transactions.csv
[2026-04-10T16:39:54.930+0000] {s3.py:110} INFO - Poking for key : s3://raw-data/retail-data/2026-04-09/sales_transactions.csv
[2026-04-10T16:40:24.929+0000] {s3.py:110} INFO - Poking for key : s3://raw-data/retail-data/2026-04-09/sales_transactions.csv
[2026-04-10T16:40:54.927+0000] {s3.py:110} INFO - Poking for key : s3://raw-data/retail-data/2026-04-09/sales_transactions.csv
[2026-04-10T16:41:24.926+0000] {s3.py:110} INFO - Poking for key : s3://raw-data/retail-data/2026-04-09/sales_transactions.csv
[2026-04-10T16:41:54.924+0000] {s3.py:110} INFO - Poking for key : s3://raw-data/retail-data/2026-04-09/sales_transactions.csv
[2026-04-10T16:42:24.919+0000] {s3.py:110} INFO - Poking for key : s3://raw-data/retail-data/2026-04-09/sales_transactions.csv
[2026-04-10T16:42:54.925+0000] {s3.py:110} INFO - Poking for key : s3://raw-data/retail-data/2026-04-09/sales_transactions.csv
[2026-04-10T16:43:24.932+0000] {s3.py:110} INFO - Poking for key : s3://raw-data/retail-data/2026-04-09/sales_transactions.csv
[2026-04-10T16:43:54.932+0000] {s3.py:110} INFO - Poking for key : s3://raw-data/retail-data/2026-04-09/sales_transactions.csv
[2026-04-10T16:44:24.926+0000] {s3.py:110} INFO - Poking for key : s3://raw-data/retail-data/2026-04-09/sales_transactions.csv
[2026-04-10T16:44:54.929+0000] {s3.py:110} INFO - Poking for key : s3://raw-data/retail-data/2026-04-09/sales_transactions.csv
[2026-04-10T16:45:24.930+0000] {s3.py:110} INFO - Poking for key : s3://raw-data/retail-data/2026-04-09/sales_transactions.csv
[2026-04-10T16:45:54.930+0000] {s3.py:110} INFO - Poking for key : s3://raw-data/retail-data/2026-04-09/sales_transactions.csv
[2026-04-10T16:46:24.928+0000] {s3.py:110} INFO - Poking for key : s3://raw-data/retail-data/2026-04-09/sales_transactions.csv
[2026-04-10T16:46:54.930+0000] {s3.py:110} INFO - Poking for key : s3://raw-data/retail-data/2026-04-09/sales_transactions.csv
[2026-04-10T16:47:24.929+0000] {s3.py:110} INFO - Poking for key : s3://raw-data/retail-data/2026-04-09/sales_transactions.csv
[2026-04-10T16:47:54.936+0000] {s3.py:110} INFO - Poking for key : s3://raw-data/retail-data/2026-04-09/sales_transactions.csv
[2026-04-10T16:48:24.935+0000] {s3.py:110} INFO - Poking for key : s3://raw-data/retail-data/2026-04-09/sales_transactions.csv
[2026-04-10T16:48:54.938+0000] {s3.py:110} INFO - Poking for key : s3://raw-data/retail-data/2026-04-09/sales_transactions.csv
[2026-04-10T16:49:24.937+0000] {s3.py:110} INFO - Poking for key : s3://raw-data/retail-data/2026-04-09/sales_transactions.csv
[2026-04-10T16:49:54.963+0000] {s3.py:110} INFO - Poking for key : s3://raw-data/retail-data/2026-04-09/sales_transactions.csv
[2026-04-10T16:50:24.972+0000] {s3.py:110} INFO - Poking for key : s3://raw-data/retail-data/2026-04-09/sales_transactions.csv
[2026-04-10T16:50:54.980+0000] {s3.py:110} INFO - Poking for key : s3://raw-data/retail-data/2026-04-09/sales_transactions.csv
[2026-04-10T16:51:24.982+0000] {s3.py:110} INFO - Poking for key : s3://raw-data/retail-data/2026-04-09/sales_transactions.csv
[2026-04-10T16:51:54.985+0000] {s3.py:110} INFO - Poking for key : s3://raw-data/retail-data/2026-04-09/sales_transactions.csv
[2026-04-10T16:52:24.991+0000] {s3.py:110} INFO - Poking for key : s3://raw-data/retail-data/2026-04-09/sales_transactions.csv
[2026-04-10T16:52:54.997+0000] {s3.py:110} INFO - Poking for key : s3://raw-data/retail-data/2026-04-09/sales_transactions.csv
[2026-04-10T16:53:24.995+0000] {s3.py:110} INFO - Poking for key : s3://raw-data/retail-data/2026-04-09/sales_transactions.csv
[2026-04-10T16:53:54.993+0000] {s3.py:110} INFO - Poking for key : s3://raw-data/retail-data/2026-04-09/sales_transactions.csv
[2026-04-10T16:54:24.992+0000] {s3.py:110} INFO - Poking for key : s3://raw-data/retail-data/2026-04-09/sales_transactions.csv
[2026-04-10T16:54:55.000+0000] {s3.py:110} INFO - Poking for key : s3://raw-data/retail-data/2026-04-09/sales_transactions.csv
[2026-04-10T16:55:25.001+0000] {s3.py:110} INFO - Poking for key : s3://raw-data/retail-data/2026-04-09/sales_transactions.csv
[2026-04-10T16:55:55.005+0000] {s3.py:110} INFO - Poking for key : s3://raw-data/retail-data/2026-04-09/sales_transactions.csv
[2026-04-10T16:56:25.726+0000] {s3.py:110} INFO - Poking for key : s3://raw-data/retail-data/2026-04-09/sales_transactions.csv
[2026-04-10T16:56:56.296+0000] {s3.py:110} INFO - Poking for key : s3://raw-data/retail-data/2026-04-09/sales_transactions.csv
[2026-04-10T16:57:27.306+0000] {s3.py:110} INFO - Poking for key : s3://raw-data/retail-data/2026-04-09/sales_transactions.csv
[2026-04-10T16:57:58.733+0000] {s3.py:110} INFO - Poking for key : s3://raw-data/retail-data/2026-04-09/sales_transactions.csv
[2026-04-10T16:58:28.956+0000] {s3.py:110} INFO - Poking for key : s3://raw-data/retail-data/2026-04-09/sales_transactions.csv
[2026-04-10T16:58:59.427+0000] {s3.py:110} INFO - Poking for key : s3://raw-data/retail-data/2026-04-09/sales_transactions.csv
[2026-04-10T16:59:30.298+0000] {s3.py:110} INFO - Poking for key : s3://raw-data/retail-data/2026-04-09/sales_transactions.csv
[2026-04-10T17:00:01.105+0000] {s3.py:110} INFO - Poking for key : s3://raw-data/retail-data/2026-04-09/sales_transactions.csv
[2026-04-10T17:00:31.932+0000] {s3.py:110} INFO - Poking for key : s3://raw-data/retail-data/2026-04-09/sales_transactions.csv
[2026-04-10T17:01:02.729+0000] {s3.py:110} INFO - Poking for key : s3://raw-data/retail-data/2026-04-09/sales_transactions.csv
[2026-04-10T17:01:33.596+0000] {s3.py:110} INFO - Poking for key : s3://raw-data/retail-data/2026-04-09/sales_transactions.csv
[2026-04-10T17:02:04.438+0000] {s3.py:110} INFO - Poking for key : s3://raw-data/retail-data/2026-04-09/sales_transactions.csv
[2026-04-10T17:02:35.293+0000] {s3.py:110} INFO - Poking for key : s3://raw-data/retail-data/2026-04-09/sales_transactions.csv
[2026-04-10T17:03:06.318+0000] {s3.py:110} INFO - Poking for key : s3://raw-data/retail-data/2026-04-09/sales_transactions.csv
[2026-04-10T17:03:37.278+0000] {s3.py:110} INFO - Poking for key : s3://raw-data/retail-data/2026-04-09/sales_transactions.csv
[2026-04-10T17:04:08.177+0000] {s3.py:110} INFO - Poking for key : s3://raw-data/retail-data/2026-04-09/sales_transactions.csv
[2026-04-10T17:04:39.055+0000] {s3.py:110} INFO - Poking for key : s3://raw-data/retail-data/2026-04-09/sales_transactions.csv
[2026-04-10T17:05:09.978+0000] {s3.py:110} INFO - Poking for key : s3://raw-data/retail-data/2026-04-09/sales_transactions.csv
[2026-04-10T17:05:10.059+0000] {taskinstance.py:441} INFO - ::group::Post task execution logs
[2026-04-10T17:05:10.358+0000] {taskinstance.py:2890} ERROR - Task failed with exception
Traceback (most recent call last):
  File "/home/airflow/.local/lib/python3.11/site-packages/airflow/models/taskinstance.py", line 465, in _execute_task
    result = _execute_callable(context=context, **execute_callable_kwargs)
             ^^^^^^^^^^^^^^^^^^^^^^^^^^^^^^^^^^^^^^^^^^^^^^^^^^^^^^^^^^^^^
  File "/home/airflow/.local/lib/python3.11/site-packages/airflow/models/taskinstance.py", line 432, in _execute_callable
    return execute_callable(context=context, **execute_callable_kwargs)
           ^^^^^^^^^^^^^^^^^^^^^^^^^^^^^^^^^^^^^^^^^^^^^^^^^^^^^^^^^^^^
  File "/home/airflow/.local/lib/python3.11/site-packages/airflow/models/baseoperator.py", line 400, in wrapper
    return func(self, *args, **kwargs)
           ^^^^^^^^^^^^^^^^^^^^^^^^^^^
  File "/home/airflow/.local/lib/python3.11/site-packages/airflow/providers/amazon/aws/sensors/s3.py", line 153, in execute
    super().execute(context)
  File "/home/airflow/.local/lib/python3.11/site-packages/airflow/models/baseoperator.py", line 400, in wrapper
    return func(self, *args, **kwargs)
           ^^^^^^^^^^^^^^^^^^^^^^^^^^^
  File "/home/airflow/.local/lib/python3.11/site-packages/airflow/sensors/base.py", line 281, in execute
    raise AirflowSensorTimeout(message)
airflow.exceptions.AirflowSensorTimeout: Sensor has timed out; run duration of 1801.51332731999 seconds exceeds the specified timeout of 1800.0.
[2026-04-10T17:05:11.727+0000] {taskinstance.py:1205} INFO - Immediate failure requested. Marking task as FAILED. dag_id=retail_daily_ingestion, task_id=check_files_exist, execution_date=20260410T163447, start_date=20260410T163453, end_date=20260410T170511
[2026-04-10T17:05:12.175+0000] {logging_mixin.py:188} WARNING - /home/***/.local/lib/python3.11/site-packages/***/utils/email.py:154 RemovedInAirflow3Warning: Fetching SMTP credentials from configuration variables will be deprecated in a future release. Please set credentials using a connection instead.
[2026-04-10T17:05:12.184+0000] {configuration.py:1050} WARNING - section/key [smtp/smtp_user] not found in config
[2026-04-10T17:05:12.184+0000] {email.py:271} INFO - Email alerting: attempt 1
[2026-04-10T17:05:12.214+0000] {configuration.py:1050} WARNING - section/key [smtp/smtp_user] not found in config
[2026-04-10T17:05:12.215+0000] {email.py:271} INFO - Email alerting: attempt 1
[2026-04-10T17:05:12.216+0000] {taskinstance.py:879} ERROR - Failed to send email to: ['diluksha@bistcglobal.com']
Traceback (most recent call last):
  File "/home/airflow/.local/lib/python3.11/site-packages/airflow/models/taskinstance.py", line 2476, in _run_raw_task
    self._execute_task_with_callbacks(context, test_mode, session=session)
  File "/home/airflow/.local/lib/python3.11/site-packages/airflow/models/taskinstance.py", line 2663, in _execute_task_with_callbacks
    result = self._execute_task(context, task_orig)
             ^^^^^^^^^^^^^^^^^^^^^^^^^^^^^^^^^^^^^^
  File "/home/airflow/.local/lib/python3.11/site-packages/airflow/models/taskinstance.py", line 2686, in _execute_task
    return _execute_task(self, context, task_orig)
           ^^^^^^^^^^^^^^^^^^^^^^^^^^^^^^^^^^^^^^^
  File "/home/airflow/.local/lib/python3.11/site-packages/airflow/models/taskinstance.py", line 465, in _execute_task
    result = _execute_callable(context=context, **execute_callable_kwargs)
             ^^^^^^^^^^^^^^^^^^^^^^^^^^^^^^^^^^^^^^^^^^^^^^^^^^^^^^^^^^^^^
  File "/home/airflow/.local/lib/python3.11/site-packages/airflow/models/taskinstance.py", line 432, in _execute_callable
    return execute_callable(context=context, **execute_callable_kwargs)
           ^^^^^^^^^^^^^^^^^^^^^^^^^^^^^^^^^^^^^^^^^^^^^^^^^^^^^^^^^^^^
  File "/home/airflow/.local/lib/python3.11/site-packages/airflow/models/baseoperator.py", line 400, in wrapper
    return func(self, *args, **kwargs)
           ^^^^^^^^^^^^^^^^^^^^^^^^^^^
  File "/home/airflow/.local/lib/python3.11/site-packages/airflow/providers/amazon/aws/sensors/s3.py", line 153, in execute
    super().execute(context)
  File "/home/airflow/.local/lib/python3.11/site-packages/airflow/models/baseoperator.py", line 400, in wrapper
    return func(self, *args, **kwargs)
           ^^^^^^^^^^^^^^^^^^^^^^^^^^^
  File "/home/airflow/.local/lib/python3.11/site-packages/airflow/sensors/base.py", line 281, in execute
    raise AirflowSensorTimeout(message)
airflow.exceptions.AirflowSensorTimeout: Sensor has timed out; run duration of 1801.51332731999 seconds exceeds the specified timeout of 1800.0.

During handling of the above exception, another exception occurred:

Traceback (most recent call last):
  File "/home/airflow/.local/lib/python3.11/site-packages/airflow/models/taskinstance.py", line 1063, in _email_alert
    send_email(task.email, subject, html_content)
  File "/home/airflow/.local/lib/python3.11/site-packages/airflow/utils/email.py", line 80, in send_email
    return backend(
           ^^^^^^^^
  File "/home/airflow/.local/lib/python3.11/site-packages/airflow/utils/email.py", line 154, in send_email_smtp
    send_mime_email(e_from=mail_from, e_to=recipients, mime_msg=msg, conn_id=conn_id, dryrun=dryrun)
  File "/home/airflow/.local/lib/python3.11/site-packages/airflow/utils/email.py", line 273, in send_mime_email
    smtp_conn = _get_smtp_connection(smtp_host, smtp_port, smtp_timeout, smtp_ssl)
                ^^^^^^^^^^^^^^^^^^^^^^^^^^^^^^^^^^^^^^^^^^^^^^^^^^^^^^^^^^^^^^^^^^
  File "/home/airflow/.local/lib/python3.11/site-packages/airflow/utils/email.py", line 317, in _get_smtp_connection
    return smtplib.SMTP(host=host, port=port, timeout=timeout)
           ^^^^^^^^^^^^^^^^^^^^^^^^^^^^^^^^^^^^^^^^^^^^^^^^^^^
  File "/usr/local/lib/python3.11/smtplib.py", line 255, in __init__
    (code, msg) = self.connect(host, port)
                  ^^^^^^^^^^^^^^^^^^^^^^^^
  File "/usr/local/lib/python3.11/smtplib.py", line 341, in connect
    self.sock = self._get_socket(host, port, self.timeout)
                ^^^^^^^^^^^^^^^^^^^^^^^^^^^^^^^^^^^^^^^^^^
  File "/usr/local/lib/python3.11/smtplib.py", line 312, in _get_socket
    return socket.create_connection((host, port), timeout,
           ^^^^^^^^^^^^^^^^^^^^^^^^^^^^^^^^^^^^^^^^^^^^^^^
  File "/usr/local/lib/python3.11/socket.py", line 851, in create_connection
    raise exceptions[0]
  File "/usr/local/lib/python3.11/socket.py", line 836, in create_connection
    sock.connect(sa)
ConnectionRefusedError: [Errno 111] Connection refused

During handling of the above exception, another exception occurred:

Traceback (most recent call last):
  File "/home/airflow/.local/lib/python3.11/site-packages/airflow/models/taskinstance.py", line 877, in _handle_failure
    task_instance.email_alert(error, failure_context["task"])
  File "/home/airflow/.local/lib/python3.11/site-packages/airflow/models/taskinstance.py", line 3148, in email_alert
    _email_alert(task_instance=self, exception=exception, task=task)
  File "/home/airflow/.local/lib/python3.11/site-packages/airflow/models/taskinstance.py", line 1065, in _email_alert
    send_email(task.email, subject, html_content_err)
  File "/home/airflow/.local/lib/python3.11/site-packages/airflow/utils/email.py", line 80, in send_email
    return backend(
           ^^^^^^^^
  File "/home/airflow/.local/lib/python3.11/site-packages/airflow/utils/email.py", line 154, in send_email_smtp
    send_mime_email(e_from=mail_from, e_to=recipients, mime_msg=msg, conn_id=conn_id, dryrun=dryrun)
  File "/home/airflow/.local/lib/python3.11/site-packages/airflow/utils/email.py", line 273, in send_mime_email
    smtp_conn = _get_smtp_connection(smtp_host, smtp_port, smtp_timeout, smtp_ssl)
                ^^^^^^^^^^^^^^^^^^^^^^^^^^^^^^^^^^^^^^^^^^^^^^^^^^^^^^^^^^^^^^^^^^
  File "/home/airflow/.local/lib/python3.11/site-packages/airflow/utils/email.py", line 317, in _get_smtp_connection
    return smtplib.SMTP(host=host, port=port, timeout=timeout)
           ^^^^^^^^^^^^^^^^^^^^^^^^^^^^^^^^^^^^^^^^^^^^^^^^^^^
  File "/usr/local/lib/python3.11/smtplib.py", line 255, in __init__
    (code, msg) = self.connect(host, port)
                  ^^^^^^^^^^^^^^^^^^^^^^^^
  File "/usr/local/lib/python3.11/smtplib.py", line 341, in connect
    self.sock = self._get_socket(host, port, self.timeout)
                ^^^^^^^^^^^^^^^^^^^^^^^^^^^^^^^^^^^^^^^^^^
  File "/usr/local/lib/python3.11/smtplib.py", line 312, in _get_socket
    return socket.create_connection((host, port), timeout,
           ^^^^^^^^^^^^^^^^^^^^^^^^^^^^^^^^^^^^^^^^^^^^^^^
  File "/usr/local/lib/python3.11/socket.py", line 851, in create_connection
    raise exceptions[0]
  File "/usr/local/lib/python3.11/socket.py", line 836, in create_connection
    sock.connect(sa)
ConnectionRefusedError: [Errno 111] Connection refused
[2026-04-10T17:05:12.278+0000] {base.py:84} INFO - Using connection ID 'slack_webhook' for task execution.
[2026-04-10T17:05:12.322+0000] {base.py:84} INFO - Using connection ID 'slack_webhook' for task execution.
[2026-04-10T17:05:13.607+0000] {retail_daily_ingestion.py:139} INFO - Slack alert sent for task: check_files_exist
[2026-04-10T17:05:13.732+0000] {standard_task_runner.py:110} ERROR - Failed to execute job 123 for task check_files_exist (Sensor has timed out; run duration of 1801.51332731999 seconds exceeds the specified timeout of 1800.0.; 9022)
[2026-04-10T17:05:13.823+0000] {local_task_job_runner.py:240} INFO - Task exited with return code 1
[2026-04-10T17:05:14.235+0000] {logging_mixin.py:188} WARNING - /home/***/.local/lib/python3.11/site-packages/***/models/baseoperator.py:1296 AirflowProviderDeprecationWarning: Call to deprecated class PostgresOperator. (Please use `***.providers.common.sql.operators.sql.SQLExecuteQueryOperator`.Also, you can provide `hook_params={'schema': <database>}`.)
[2026-04-10T17:05:14.557+0000] {taskinstance.py:3482} INFO - 0 downstream tasks scheduled from follow-on schedule check
[2026-04-10T17:05:14.585+0000] {local_task_job_runner.py:222} INFO - ::endgroup::
